<?xml version="1.0" encoding="UTF-8"?>
<testsuites name="loginPage" time="16.593" tests="1" failures="0" errors="0">
   <testsuite name="loginPage" tests="1" failures="0" errors="0" time="16.593" skipped="0" timestamp="2023-03-11 11:42:07" hostname="babul.k - localhost" id="Test Suites/loginPage">
      <properties>
         <property name="deviceName" value=""/>
         <property name="devicePlatform" value=""/>
         <property name="logFolder" value="/Users/babul.k/Documents/testkatalon/Test-kat-automation/Reports/20230311_114155/loginPage/20230311_114155"/>
         <property name="logFiles" value="/Users/babul.k/Documents/testkatalon/Test-kat-automation/Reports/20230311_114155/loginPage/20230311_114155/execution0.log"/>
         <property name="attachments" value=""/>
         <property name="hostName" value="babul.k - localhost"/>
         <property name="os" value="Mac OS X 64bit"/>
         <property name="katalonVersion" value="8.5.5.208"/>
         <property name="browser" value="Chrome 111.0.0.0"/>
         <property name="hostAddress" value="127.0.0.1"/>
         <property name="sessionId" value="c7676046af4c9d5fed63a2537caef566"/>
         <property name="seleniumVersion" value="3.141.59"/>
         <property name="proxyInformation" value="ProxyInformation { proxyOption=NO_PROXY, proxyServerType=HTTP, username=, password=********, proxyServerAddress=, proxyServerPort=0, executionList=&quot;&quot;, isApplyToDesiredCapabilities=true }"/>
         <property name="platform" value="Mac OS X"/>
      </properties>
      <testcase name="Test Cases/launch_browser_with url" time="16.129" classname="Test Cases/launch_browser_with url" status="PASSED">
         <system-out><![CDATA[2023-03-11 11:42:08 - [TEST_CASE][PASSED] - Test Cases/launch_browser_with url: Test Cases/launch_browser_with url

2023-03-11 11:42:08 - [TEST_STEP][PASSED] - openBrowser(""): Browser is opened with url: ''

2023-03-11 11:42:08 - [MESSAGE][INFO] - Starting 'Chrome' driver

2023-03-11 11:42:08 - [MESSAGE][INFO] - Action delay is set to 0 milliseconds

2023-03-11 11:42:20 - [MESSAGE][PASSED] - Browser is opened with url: ''

2023-03-11 11:42:20 - [TEST_STEP][PASSED] - navigateToUrl("https://opensource-demo.orangehrmlive.com/web/index.php/auth/login"): Navigate to 'https://opensource-demo.orangehrmlive.com/web/index.php/auth/login' successfully

2023-03-11 11:42:24 - [MESSAGE][PASSED] - Navigate to 'https://opensource-demo.orangehrmlive.com/web/index.php/auth/login' successfully

2023-03-11 11:42:24 - [TEST_STEP][PASSED] - closeBrowser(): Browser is closed

2023-03-11 11:42:24 - [MESSAGE][PASSED] - Browser is closed]]></system-out>
         <system-err><![CDATA[]]></system-err>
      </testcase>
      <system-out><![CDATA[2023-03-11 11:42:07 - [TEST_SUITE][PASSED] - loginPage: Test Cases/launch_browser_with url]]></system-out>
      <system-err><![CDATA[]]></system-err>
   </testsuite>
</testsuites>
